2021/11/22 10:07:12 PM Data Processing Script Starts
2021/11/22 10:07:12 PM Line: 2500
2021/11/22 10:07:12 PM Data Types Errors: 4
2021/11/22 10:07:12 PM Processed records: 2496
2021/11/22 10:07:12 PM Time: 0.05
2021/11/22 10:07:12 PM Written records: 2496
2021/11/22 10:07:12 PM Time: 0.10
2021/11/22 10:07:12 PM Line: 5000
2021/11/22 10:07:12 PM Processed records: 2500
2021/11/22 10:07:12 PM Time: 0.04
2021/11/22 10:07:12 PM Written records: 2500
2021/11/22 10:07:12 PM Time: 0.09
2021/11/22 10:07:12 PM Line: 7500
2021/11/22 10:07:12 PM Processed records: 2500
2021/11/22 10:07:12 PM Time: 0.04
2021/11/22 10:07:12 PM Written records: 2500
2021/11/22 10:07:12 PM Time: 0.08
2021/11/22 10:07:12 PM Line: 10000
2021/11/22 10:07:12 PM Processed records: 2500
2021/11/22 10:07:12 PM Time: 0.04
2021/11/22 10:07:12 PM Written records: 2500
2021/11/22 10:07:12 PM Time: 0.08
2021/11/22 10:07:12 PM Total Execution Time: 0.52
2021/11/22 10:07:12 PM Total Processed Rows: 9996
2021/11/22 10:07:12 PM Total Written Records: 9996
2021/11/22 10:07:12 PM Total Errors Found: 4
2021/11/22 10:07:12 PM Data Processing Script Ends
